BlinkInputRandomScanDemo/build/outputs/logs/manifest-merger-debug-report.txt
-- Merging decision tree log ---
manifest
ADDED from src\main\AndroidManifest.xml:2:1-20:12
	package
		ADDED from src\main\AndroidManifest.xml:3:11-39
		INJECTED from src\main\AndroidManifest.xml
		INJECTED from src\main\AndroidManifest.xml
	xmlns:android
		ADDED from src\main\AndroidManifest.xml:2:11-69
application
ADDED from src\main\AndroidManifest.xml:5:5-18:19
MERGED from [com.microblink:blinkinput:3.2.0] AndroidManifest.xml:37:5-48:19
MERGED from [com.android.support:appcompat-v7:25.1.1] AndroidManifest.xml:25:5-20
MERGED from [com.android.support:support-v4:25.1.1] AndroidManifest.xml:25:5-20
MERGED from [com.android.support:support-fragment:25.1.1] AndroidManifest.xml:25:5-20
MERGED from [com.android.support:support-media-compat:25.1.1] AndroidManifest.xml:25:5-20
MERGED from [com.android.support:support-core-ui:25.1.1] AndroidManifest.xml:25:5-20
MERGED from [com.android.support:support-core-utils:25.1.1] AndroidManifest.xml:25:5-20
MERGED from [com.android.support:animated-vector-drawable:25.1.1] AndroidManifest.xml:22:5-20
MERGED from [com.android.support:support-vector-drawable:25.1.1] AndroidManifest.xml:23:5-20
MERGED from [com.android.support:support-compat:25.1.1] AndroidManifest.xml:25:5-20
	android:label
		ADDED from src\main\AndroidManifest.xml:8:9-41
	android:supportsRtl
		ADDED from src\main\AndroidManifest.xml:9:9-35
	tools:ignore
		ADDED from [com.microblink:blinkinput:3.2.0] AndroidManifest.xml:39:9-39
	android:allowBackup
		ADDED from src\main\AndroidManifest.xml:6:9-35
	android:icon
		ADDED from src\main\AndroidManifest.xml:7:9-43
	android:largeHeap
		ADDED from [com.microblink:blinkinput:3.2.0] AndroidManifest.xml:38:9-33
	android:theme
		ADDED from src\main\AndroidManifest.xml:10:9-73
activity#com.microblink.ocr.MainActivity
ADDED from src\main\AndroidManifest.xml:11:9-17:20
	android:name
		ADDED from src\main\AndroidManifest.xml:11:19-47
intent-filter#android.intent.action.MAIN+android.intent.category.LAUNCHER
ADDED from src\main\AndroidManifest.xml:12:13-16:29
action#android.intent.action.MAIN
ADDED from src\main\AndroidManifest.xml:13:17-68
	android:name
		ADDED from src\main\AndroidManifest.xml:13:25-66
category#android.intent.category.LAUNCHER
ADDED from src\main\AndroidManifest.xml:15:17-76
	android:name
		ADDED from src\main\AndroidManifest.xml:15:27-74
uses-sdk
INJECTED from src\main\AndroidManifest.xml reason: use-sdk injection requested
MERGED from [com.microblink:blinkinput:3.2.0] AndroidManifest.xml:8:5-10:41
MERGED from [com.android.support:appcompat-v7:25.1.1] AndroidManifest.xml:21:5-23:78
MERGED from [com.android.support:support-v4:25.1.1] AndroidManifest.xml:21:5-23:54
MERGED from [com.android.support:support-fragment:25.1.1] AndroidManifest.xml:21:5-23:60
MERGED from [com.android.support:support-media-compat:25.1.1] AndroidManifest.xml:21:5-23:63
MERGED from [com.android.support:support-core-ui:25.1.1] AndroidManifest.xml:21:5-23:58
MERGED from [com.android.support:support-core-utils:25.1.1] AndroidManifest.xml:21:5-23:61
MERGED from [com.android.support:animated-vector-drawable:25.1.1] AndroidManifest.xml:20:5-44
MERGED from [com.android.support:support-vector-drawable:25.1.1] AndroidManifest.xml:21:5-43
MERGED from [com.android.support:support-compat:25.1.1] AndroidManifest.xml:21:5-23:58
	tools:overrideLibrary
		ADDED from [com.android.support:appcompat-v7:25.1.1] AndroidManifest.xml:23:9-75
	android:targetSdkVersion
		INJECTED from src\main\AndroidManifest.xml
		INJECTED from src\main\AndroidManifest.xml
	android:minSdkVersion
		INJECTED from src\main\AndroidManifest.xml
		INJECTED from src\main\AndroidManifest.xml
supports-screens
ADDED from [com.microblink:blinkinput:3.2.0] AndroidManifest.xml:12:5-18:40
	android:largeScreens
		ADDED from [com.microblink:blinkinput:3.2.0] AndroidManifest.xml:14:9-36
	android:smallScreens
		ADDED from [com.microblink:blinkinput:3.2.0] AndroidManifest.xml:17:9-36
	android:normalScreens
		ADDED from [com.microblink:blinkinput:3.2.0] AndroidManifest.xml:15:9-37
	android:xlargeScreens
		ADDED from [com.microblink:blinkinput:3.2.0] AndroidManifest.xml:18:9-37
	android:resizeable
		ADDED from [com.microblink:blinkinput:3.2.0] AndroidManifest.xml:16:9-34
	android:anyDensity
		ADDED from [com.microblink:blinkinput:3.2.0] AndroidManifest.xml:13:9-34
uses-permission#android.permission.CAMERA
ADDED from [com.microblink:blinkinput:3.2.0] AndroidManifest.xml:20:5-65
	android:name
		ADDED from [com.microblink:blinkinput:3.2.0] AndroidManifest.xml:20:22-62
uses-permission#android.permission.FLASHLIGHT
ADDED from [com.microblink:blinkinput:3.2.0] AndroidManifest.xml:21:5-69
	android:name
		ADDED from [com.microblink:blinkinput:3.2.0] AndroidManifest.xml:21:22-66
uses-feature#android.hardware.camera
ADDED from [com.microblink:blinkinput:3.2.0] AndroidManifest.xml:23:5-25:36
	android:required
		ADDED from [com.microblink:blinkinput:3.2.0] AndroidManifest.xml:25:9-33
	android:name
		ADDED from [com.microblink:blinkinput:3.2.0] AndroidManifest.xml:24:9-47
uses-feature#android.hardware.camera.autofocus
ADDED from [com.microblink:blinkinput:3.2.0] AndroidManifest.xml:26:5-28:36
	android:required
		ADDED from [com.microblink:blinkinput:3.2.0] AndroidManifest.xml:28:9-33
	android:name
		ADDED from [com.microblink:blinkinput:3.2.0] AndroidManifest.xml:27:9-57
uses-feature#android.hardware.camera.flash
ADDED from [com.microblink:blinkinput:3.2.0] AndroidManifest.xml:29:5-31:36
	android:required
		ADDED from [com.microblink:blinkinput:3.2.0] AndroidManifest.xml:31:9-33
	android:name
		ADDED from [com.microblink:blinkinput:3.2.0] AndroidManifest.xml:30:9-53
uses-feature#0x00020000
ADDED from [com.microblink:blinkinput:3.2.0] AndroidManifest.xml:32:5-35:20
	android:glEsVersion
		ADDED from [com.microblink:blinkinput:3.2.0] AndroidManifest.xml:33:9-41
	android:required
		ADDED from [com.microblink:blinkinput:3.2.0] AndroidManifest.xml:34:9-33
activity#com.microblink.activity.SegmentScanActivity
ADDED from [com.microblink:blinkinput:3.2.0] AndroidManifest.xml:40:9-43:52
	android:screenOrientation
		ADDED from [com.microblink:blinkinput:3.2.0] AndroidManifest.xml:43:13-49
	android:configChanges
		ADDED from [com.microblink:blinkinput:3.2.0] AndroidManifest.xml:42:13-59
	android:name
		ADDED from [com.microblink:blinkinput:3.2.0] AndroidManifest.xml:41:13-71
activity#com.microblink.activity.RandomScanActivity
ADDED from [com.microblink:blinkinput:3.2.0] AndroidManifest.xml:44:9-47:52
	android:screenOrientation
		ADDED from [com.microblink:blinkinput:3.2.0] AndroidManifest.xml:47:13-49
	android:configChanges
		ADDED from [com.microblink:blinkinput:3.2.0] AndroidManifest.xml:46:13-59
	android:name
		ADDED from [com.microblink:blinkinput:3.2.0] AndroidManifest.xml:45:13-70